2014-07-11 23:41:52,073 - [INFO] - from play in pool-64-thread-4 
Listening for HTTP on /0:0:0:0:0:0:0:0:9000

2014-07-11 23:42:03,292 - [INFO] - from play in play-internal-execution-context-1 
database [default] connected at jdbc:h2:mem:play

2014-07-11 23:42:04,203 - [INFO] - from play in play-internal-execution-context-1 
Application started (Dev)

2014-07-11 23:42:56,724 - [INFO] - from play in play-internal-execution-context-1 
database [default] connected at jdbc:h2:mem:play

2014-07-11 23:42:56,788 - [INFO] - from play in play-internal-execution-context-1 
Application started (Dev)

2014-07-11 23:43:54,993 - [INFO] - from play in play-internal-execution-context-1 
database [default] connected at jdbc:h2:mem:play

2014-07-11 23:43:55,049 - [INFO] - from play in play-internal-execution-context-1 
Application started (Dev)

2014-07-11 23:52:31,871 - [INFO] - from play in play-internal-execution-context-1 
database [default] connected at jdbc:h2:mem:play

2014-07-11 23:52:31,935 - [INFO] - from play in play-internal-execution-context-1 
Application started (Dev)

2014-07-11 23:53:00,308 - [INFO] - from play in play-internal-execution-context-1 
database [default] connected at jdbc:h2:mem:play

2014-07-11 23:53:00,365 - [INFO] - from play in play-internal-execution-context-1 
Application started (Dev)

2014-07-11 23:53:36,133 - [INFO] - from play in play-internal-execution-context-1 
database [default] connected at jdbc:h2:mem:play

2014-07-11 23:53:36,201 - [INFO] - from play in play-internal-execution-context-1 
Application started (Dev)

2014-07-11 23:54:28,053 - [INFO] - from play in play-internal-execution-context-3 
database [default] connected at jdbc:h2:mem:play

2014-07-11 23:54:28,104 - [INFO] - from play in play-internal-execution-context-3 
Application started (Dev)

2014-07-11 23:54:47,823 - [INFO] - from play in play-internal-execution-context-3 
database [default] connected at jdbc:h2:mem:play

2014-07-11 23:54:47,872 - [INFO] - from play in play-internal-execution-context-3 
Application started (Dev)

2014-07-11 23:54:55,303 - [INFO] - from play in play-internal-execution-context-3 
database [default] connected at jdbc:h2:mem:play

2014-07-11 23:54:55,359 - [INFO] - from play in play-internal-execution-context-3 
Application started (Dev)

2014-07-11 23:55:07,713 - [INFO] - from play in play-internal-execution-context-3 
database [default] connected at jdbc:h2:mem:play

2014-07-11 23:55:07,759 - [INFO] - from play in play-internal-execution-context-3 
Application started (Dev)

2014-07-11 23:55:27,383 - [INFO] - from play in play-internal-execution-context-3 
database [default] connected at jdbc:h2:mem:play

2014-07-11 23:55:27,429 - [INFO] - from play in play-internal-execution-context-3 
Application started (Dev)

2014-07-11 23:56:00,276 - [INFO] - from play in play-internal-execution-context-3 
database [default] connected at jdbc:h2:mem:play

2014-07-11 23:56:00,321 - [INFO] - from play in play-internal-execution-context-3 
Application started (Dev)

2014-07-11 23:56:09,107 - [INFO] - from play in play-internal-execution-context-3 
database [default] connected at jdbc:h2:mem:play

2014-07-11 23:56:09,153 - [INFO] - from play in play-internal-execution-context-3 
Application started (Dev)

2014-07-11 23:58:35,869 - [INFO] - from play in play-internal-execution-context-3 
database [default] connected at jdbc:h2:mem:play

2014-07-11 23:58:35,914 - [INFO] - from play in play-internal-execution-context-3 
Application started (Dev)

2014-07-11 23:59:01,715 - [INFO] - from play in play-internal-execution-context-3 
database [default] connected at jdbc:h2:mem:play

2014-07-11 23:59:01,760 - [INFO] - from play in play-internal-execution-context-3 
Application started (Dev)

2014-07-11 23:59:42,944 - [INFO] - from play in play-internal-execution-context-3 
database [default] connected at jdbc:h2:mem:play

2014-07-11 23:59:42,996 - [INFO] - from play in play-internal-execution-context-3 
Application started (Dev)

2014-07-11 23:59:52,027 - [INFO] - from play in play-internal-execution-context-3 
database [default] connected at jdbc:h2:mem:play

2014-07-11 23:59:52,080 - [INFO] - from play in play-internal-execution-context-3 
Application started (Dev)

2014-07-12 00:00:09,779 - [INFO] - from play in play-internal-execution-context-3 
database [default] connected at jdbc:h2:mem:play

2014-07-12 00:00:09,826 - [INFO] - from play in play-internal-execution-context-3 
Application started (Dev)

2014-07-12 00:00:27,818 - [INFO] - from play in play-internal-execution-context-3 
database [default] connected at jdbc:h2:mem:play

2014-07-12 00:00:27,861 - [INFO] - from play in play-internal-execution-context-3 
Application started (Dev)

2014-07-12 00:09:01,551 - [INFO] - from play in play-internal-execution-context-3 
database [default] connected at jdbc:h2:mem:play

2014-07-12 00:09:01,592 - [INFO] - from play in play-internal-execution-context-3 
Application started (Dev)

2014-07-12 00:09:13,049 - [INFO] - from play in play-internal-execution-context-3 
database [default] connected at jdbc:h2:mem:play

2014-07-12 00:09:13,095 - [INFO] - from play in play-internal-execution-context-3 
Application started (Dev)

2014-07-12 00:09:21,425 - [INFO] - from play in play-internal-execution-context-3 
database [default] connected at jdbc:h2:mem:play

2014-07-12 00:09:21,474 - [INFO] - from play in play-internal-execution-context-3 
Application started (Dev)

2014-07-12 00:09:33,917 - [INFO] - from play in play-internal-execution-context-3 
database [default] connected at jdbc:h2:mem:play

2014-07-12 00:09:33,957 - [INFO] - from play in play-internal-execution-context-3 
Application started (Dev)

2014-07-12 00:09:39,489 - [INFO] - from play in play-internal-execution-context-3 
database [default] connected at jdbc:h2:mem:play

2014-07-12 00:09:39,535 - [INFO] - from play in play-internal-execution-context-3 
Application started (Dev)

2014-07-12 00:09:58,676 - [INFO] - from play in play-internal-execution-context-3 
database [default] connected at jdbc:h2:mem:play

2014-07-12 00:09:58,724 - [INFO] - from play in play-internal-execution-context-3 
Application started (Dev)

2014-07-12 00:10:02,969 - [INFO] - from play in play-internal-execution-context-3 
database [default] connected at jdbc:h2:mem:play

2014-07-12 00:10:03,010 - [INFO] - from play in play-internal-execution-context-3 
Application started (Dev)

2014-07-12 00:10:36,631 - [INFO] - from play in play-internal-execution-context-3 
database [default] connected at jdbc:h2:mem:play

2014-07-12 00:10:36,671 - [INFO] - from play in play-internal-execution-context-3 
Application started (Dev)

2014-07-12 00:11:40,238 - [INFO] - from play in play-internal-execution-context-3 
database [default] connected at jdbc:h2:mem:play

2014-07-12 00:11:40,276 - [INFO] - from play in play-internal-execution-context-3 
Application started (Dev)

